<?xml version="1.0" encoding="UTF-8"?>
<testsuite xmlns:xsi="http://www.w3.org/2001/XMLSchema-instance" xsi:noNamespaceSchemaLocation="https://maven.apache.org/surefire/maven-surefire-plugin/xsd/surefire-test-report-3.0.xsd" version="3.0" name="com.example.CopiaTest" time="0.045" tests="3" errors="0" skipped="0" failures="0">
  <properties>
[...]
</properties>
  <testcase name="prestar_establece_estado_prestado" classname="com.example.CopiaTest" time="0.031"/>
  <testcase name="prestar_y_devolver_cambia_el_estado_correctamente" classname="com.example.CopiaTest" time="0.001"/>
  <testcase name="devolver_establece_estado_disponible" classname="com.example.CopiaTest" time="0.001"/>
</testsuite>